logs/exp09_hf_full_l4_v2.txt
val_bpb:enabled tokenizer_kind=sentencepiece tokenizer_path=./data/tokenizers/fineweb_1024_bpe.model
train_loader:dataset:fineweb10B_sp1024 train_shards:80
val_loader:shards pattern=./data/datasets/fineweb10B_sp1024/fineweb_val_*.bin tokens:62021632
model_params:20735576
world_size:1 grad_accum_steps:8
sdp_backends:cudnn=False flash=True mem_efficient=False math=False
attention_mode:gqa num_heads:8 num_kv_heads:4
tie_embeddings:True embed_lr:0.05 head_lr:0.0 matrix_lr:0.04 scalar_lr:0.04
train_batch_tokens:524288 train_seq_len:1024 iterations:20000 warmup_steps:0 max_wallclock_seconds:600.000
enable_torch_compile:False
chunkgate:enabled stride:4 inner_layers:2 gate_temp:1.0 fusion_init:0.1
seed:1337
step:0/20000 val_loss:6.9341 val_bpb:4.1068 train_time:0ms step_avg:0.02ms
step:1/20000 train_loss:6.9339 train_time:6347ms step_avg:6347.09ms
step:2/20000 train_loss:16.2129 train_time:12745ms step_avg:6372.54ms
step:3/20000 train_loss:15.2191 train_time:19149ms step_avg:6382.91ms
step:4/20000 train_loss:13.9932 train_time:25555ms step_avg:6388.82ms
step:5/20000 train_loss:12.8055 train_time:31959ms step_avg:6391.77ms
step:6/20000 train_loss:11.5408 train_time:38370ms step_avg:6395.06ms
step:7/20000 train_loss:10.2910 train_time:44792ms step_avg:6398.86ms
step:8/20000 train_loss:9.4108 train_time:51209ms step_avg:6401.15ms
step:9/20000 train_loss:8.5159 train_time:57624ms step_avg:6402.67ms
step:10/20000 train_loss:7.8286 train_time:64046ms step_avg:6404.57ms
step:94/20000 val_loss:5.3055 val_bpb:3.1422 train_time:604100ms step_avg:6426.60ms
stopping_early: wallclock_cap train_time:604100ms step:94/20000
peak memory allocated: 14923 MiB reserved: 15190 MiB
Serialized model: 81936381 bytes
Code size: 52898 bytes
Total submission size: 81989279 bytes
Serialized model int8+zlib: 6997749 bytes (payload:20880736 raw_torch:20936915 payload_ratio:3.92x)
Total submission size int8+zlib: 7050647 bytes
final_int8_zlib_roundtrip val_loss:5.3222 val_bpb:3.1521 eval_time:251814ms
final_int8_zlib_roundtrip_exact val_loss:5.32222805 val_bpb:3.15212324
